2021/10/14 10:14:26 ;ip-172-20-49-155.ec2.internal;3344.80;10;0
2021/10/14 10:14:26 ;ip-172-20-58-122.ec2.internal;0.00;0;0
2021/10/14 10:14:26 ;ip-172-20-73-221.ec2.internal;2292.70;6;0
2021/10/14 10:15:26 ;ip-172-20-49-155.ec2.internal;2176.00;10;1
2021/10/14 10:15:26 ;ip-172-20-58-122.ec2.internal;0.00;0;0
2021/10/14 10:15:26 ;ip-172-20-73-221.ec2.internal;1276.30;5;0
2021/10/14 10:16:26 ;ip-172-20-58-122.ec2.internal;0.00;0;0
2021/10/14 10:16:26 ;ip-172-20-73-221.ec2.internal;1541.80;6;0
2021/10/14 10:16:26 ;ip-172-20-49-155.ec2.internal;2487.80;10;1
2021/10/14 10:17:26 ;ip-172-20-73-221.ec2.internal;2614.20;6;0
2021/10/14 10:17:26 ;ip-172-20-49-155.ec2.internal;3896.60;10;1
2021/10/14 10:17:26 ;ip-172-20-58-122.ec2.internal;0.00;0;0
2021/10/14 10:18:26 ;ip-172-20-73-221.ec2.internal;5229.30;6;0
2021/10/14 10:18:26 ;ip-172-20-49-155.ec2.internal;8404.30;10;1
2021/10/14 10:18:26 ;ip-172-20-58-122.ec2.internal;0.00;0;0
2021/10/14 10:19:26 ;ip-172-20-58-122.ec2.internal;0.00;0;0
2021/10/14 10:19:26 ;ip-172-20-73-221.ec2.internal;4864.20;6;0
2021/10/14 10:19:26 ;ip-172-20-49-155.ec2.internal;8029.20;10;1
2021/10/14 10:20:26 ;ip-172-20-58-122.ec2.internal;0.00;0;0
2021/10/14 10:20:26 ;ip-172-20-73-221.ec2.internal;4771.80;6;0
2021/10/14 10:20:26 ;ip-172-20-49-155.ec2.internal;7887.30;10;1
2021/10/14 10:21:26 ;ip-172-20-49-155.ec2.internal;8307.80;10;1
2021/10/14 10:21:26 ;ip-172-20-58-122.ec2.internal;0.00;0;0
2021/10/14 10:21:26 ;ip-172-20-73-221.ec2.internal;5331.20;6;0
2021/10/14 10:22:26 ;ip-172-20-49-155.ec2.internal;7937.20;10;1
2021/10/14 10:22:26 ;ip-172-20-58-122.ec2.internal;0.00;0;0
2021/10/14 10:22:26 ;ip-172-20-73-221.ec2.internal;5243.70;6;0
2021/10/14 10:23:26 ;ip-172-20-49-155.ec2.internal;6901.90;10;1
2021/10/14 10:23:26 ;ip-172-20-58-122.ec2.internal;0.00;0;0
2021/10/14 10:23:26 ;ip-172-20-73-221.ec2.internal;4009.60;5;0
2021/10/14 10:24:26 ;ip-172-20-49-155.ec2.internal;4950.80;10;1
2021/10/14 10:24:26 ;ip-172-20-58-122.ec2.internal;0.00;0;0
2021/10/14 10:24:26 ;ip-172-20-73-221.ec2.internal;2921.70;5;0
2021/10/14 10:25:26 ;ip-172-20-49-155.ec2.internal;6523.80;10;1
2021/10/14 10:25:26 ;ip-172-20-58-122.ec2.internal;0.00;0;0
2021/10/14 10:25:26 ;ip-172-20-73-221.ec2.internal;4384.60;6;0
2021/10/14 10:26:26 ;ip-172-20-49-155.ec2.internal;6927.30;10;1
2021/10/14 10:26:26 ;ip-172-20-58-122.ec2.internal;0.00;0;0
2021/10/14 10:26:26 ;ip-172-20-73-221.ec2.internal;4210.20;6;0
