2021/10/13 15:45:58 2021-10-13 15:45:58.023465278 +0000 UTC m=+0.049120247;ip-172-20-62-227.ec2.internal;0.00;0;0
2021/10/13 15:45:58 2021-10-13 15:45:58.027550435 +0000 UTC m=+0.053205266;ip-172-20-83-240.ec2.internal;3531.00;10;0
2021/10/13 15:45:58 2021-10-13 15:45:58.035294222 +0000 UTC m=+0.060949088;ip-172-20-56-203.ec2.internal;1469.30;4;0
2021/10/13 15:46:58 2021-10-13 15:46:58.057162808 +0000 UTC m=+60.082817715;ip-172-20-56-203.ec2.internal;822.10;3;0
2021/10/13 15:46:58 2021-10-13 15:46:58.061556784 +0000 UTC m=+60.087211687;ip-172-20-62-227.ec2.internal;0.00;0;0
2021/10/13 15:46:58 2021-10-13 15:46:58.064538602 +0000 UTC m=+60.090193492;ip-172-20-83-240.ec2.internal;2154.10;10;1
2021/10/13 15:47:58 2021-10-13 15:47:58.086631392 +0000 UTC m=+120.112286324;ip-172-20-83-240.ec2.internal;2413.70;10;1
2021/10/13 15:47:58 2021-10-13 15:47:58.090219916 +0000 UTC m=+120.115874717;ip-172-20-56-203.ec2.internal;929.20;3;0
2021/10/13 15:47:58 2021-10-13 15:47:58.093156288 +0000 UTC m=+120.118811087;ip-172-20-62-227.ec2.internal;0.00;0;0
2021/10/13 15:48:58 2021-10-13 15:48:58.118199307 +0000 UTC m=+180.143854198;ip-172-20-62-227.ec2.internal;0.00;0;0
2021/10/13 15:48:58 2021-10-13 15:48:58.121800786 +0000 UTC m=+180.147455740;ip-172-20-83-240.ec2.internal;4419.00;10;1
2021/10/13 15:48:58 2021-10-13 15:48:58.125812638 +0000 UTC m=+180.151467447;ip-172-20-56-203.ec2.internal;1744.30;3;0
2021/10/13 15:49:58 2021-10-13 15:49:58.146839155 +0000 UTC m=+240.172494128;ip-172-20-56-203.ec2.internal;3459.70;3;0
2021/10/13 15:49:58 2021-10-13 15:49:58.150437515 +0000 UTC m=+240.176092446;ip-172-20-62-227.ec2.internal;0.00;0;0
2021/10/13 15:49:58 2021-10-13 15:49:58.155060497 +0000 UTC m=+240.180715365;ip-172-20-83-240.ec2.internal;8690.00;10;1
2021/10/13 15:50:58 2021-10-13 15:50:58.175527641 +0000 UTC m=+300.201182472;ip-172-20-83-240.ec2.internal;8725.70;10;1
2021/10/13 15:50:58 2021-10-13 15:50:58.180551666 +0000 UTC m=+300.206206533;ip-172-20-56-203.ec2.internal;3364.70;3;0
2021/10/13 15:50:58 2021-10-13 15:50:58.184293347 +0000 UTC m=+300.209948194;ip-172-20-62-227.ec2.internal;0.00;0;0
2021/10/13 15:51:58 2021-10-13 15:51:58.207885205 +0000 UTC m=+360.233540148;ip-172-20-62-227.ec2.internal;0.00;0;0
2021/10/13 15:51:58 2021-10-13 15:51:58.216075338 +0000 UTC m=+360.241730097;ip-172-20-83-240.ec2.internal;7771.10;10;1
2021/10/13 15:51:58 2021-10-13 15:51:58.221384286 +0000 UTC m=+360.247039105;ip-172-20-56-203.ec2.internal;3198.30;4;0
2021/10/13 15:52:58 2021-10-13 15:52:58.24648289 +0000 UTC m=+420.272137744;ip-172-20-56-203.ec2.internal;3496.40;4;0
2021/10/13 15:52:58 2021-10-13 15:52:58.250177509 +0000 UTC m=+420.275832350;ip-172-20-62-227.ec2.internal;0.00;0;0
2021/10/13 15:52:58 2021-10-13 15:52:58.253407391 +0000 UTC m=+420.279062243;ip-172-20-83-240.ec2.internal;8075.30;10;1
2021/10/13 15:53:58 2021-10-13 15:53:58.27351915 +0000 UTC m=+480.299174021;ip-172-20-62-227.ec2.internal;0.00;0;0
2021/10/13 15:53:58 2021-10-13 15:53:58.276520941 +0000 UTC m=+480.302175820;ip-172-20-83-240.ec2.internal;8137.00;10;1
2021/10/13 15:53:58 2021-10-13 15:53:58.279995241 +0000 UTC m=+480.305649979;ip-172-20-56-203.ec2.internal;3173.40;3;0
2021/10/13 15:54:58 2021-10-13 15:54:58.302522858 +0000 UTC m=+540.328177756;ip-172-20-62-227.ec2.internal;0.00;0;0
2021/10/13 15:54:58 2021-10-13 15:54:58.305300314 +0000 UTC m=+540.330955125;ip-172-20-83-240.ec2.internal;6746.50;10;1
2021/10/13 15:54:58 2021-10-13 15:54:58.308861364 +0000 UTC m=+540.334516211;ip-172-20-56-203.ec2.internal;2707.20;4;0
2021/10/13 15:55:58 2021-10-13 15:55:58.326557744 +0000 UTC m=+600.352212740;ip-172-20-56-203.ec2.internal;1906.90;4;0
2021/10/13 15:55:58 2021-10-13 15:55:58.329787717 +0000 UTC m=+600.355442677;ip-172-20-62-227.ec2.internal;0.00;0;0
2021/10/13 15:55:58 2021-10-13 15:55:58.332752735 +0000 UTC m=+600.358407647;ip-172-20-83-240.ec2.internal;4373.10;10;1
2021/10/13 15:56:58 2021-10-13 15:56:58.350250304 +0000 UTC m=+660.375905174;ip-172-20-83-240.ec2.internal;7145.60;10;1
2021/10/13 15:56:58 2021-10-13 15:56:58.354107928 +0000 UTC m=+660.379762735;ip-172-20-56-203.ec2.internal;2774.70;3;0
2021/10/13 15:56:58 2021-10-13 15:56:58.357067746 +0000 UTC m=+660.382722549;ip-172-20-62-227.ec2.internal;0.00;0;0
2021/10/13 15:57:58 2021-10-13 15:57:58.374015572 +0000 UTC m=+720.399670470;ip-172-20-56-203.ec2.internal;2554.60;4;0
2021/10/13 15:57:58 2021-10-13 15:57:58.377038098 +0000 UTC m=+720.402692967;ip-172-20-62-227.ec2.internal;0.00;0;0
2021/10/13 15:57:58 2021-10-13 15:57:58.381350406 +0000 UTC m=+720.407005215;ip-172-20-83-240.ec2.internal;6322.30;10;1
2021/10/13 15:58:58 2021-10-13 15:58:58.397515697 +0000 UTC m=+780.423170602;ip-172-20-56-203.ec2.internal;2527.20;3;0
2021/10/13 15:58:58 2021-10-13 15:58:58.400410138 +0000 UTC m=+780.426065059;ip-172-20-62-227.ec2.internal;0.00;0;0
2021/10/13 15:58:58 2021-10-13 15:58:58.403607776 +0000 UTC m=+780.429262694;ip-172-20-83-240.ec2.internal;7011.20;10;1
2021/10/13 15:59:58 2021-10-13 15:59:58.475343648 +0000 UTC m=+840.500998609;ip-172-20-56-203.ec2.internal;2683.50;3;0
2021/10/13 15:59:58 2021-10-13 15:59:58.481231432 +0000 UTC m=+840.506886349;ip-172-20-62-227.ec2.internal;0.00;0;0
2021/10/13 15:59:58 2021-10-13 15:59:58.488124217 +0000 UTC m=+840.513779057;ip-172-20-83-240.ec2.internal;7565.30;10;1
2021/10/13 16:00:58 2021-10-13 16:00:58.509779207 +0000 UTC m=+900.535434151;ip-172-20-56-203.ec2.internal;1751.90;4;0
2021/10/13 16:00:58 2021-10-13 16:00:58.512837337 +0000 UTC m=+900.538492301;ip-172-20-62-227.ec2.internal;0.00;0;0
2021/10/13 16:00:58 2021-10-13 16:00:58.515702478 +0000 UTC m=+900.541357368;ip-172-20-83-240.ec2.internal;4331.70;10;1
2021/10/13 16:01:58 2021-10-13 16:01:58.534953027 +0000 UTC m=+960.560607950;ip-172-20-56-203.ec2.internal;1446.30;4;0
2021/10/13 16:01:58 2021-10-13 16:01:58.537834241 +0000 UTC m=+960.563489240;ip-172-20-62-227.ec2.internal;0.00;0;0
2021/10/13 16:01:58 2021-10-13 16:01:58.541019567 +0000 UTC m=+960.566674374;ip-172-20-83-240.ec2.internal;3530.40;10;1
2021/10/13 16:02:58 2021-10-13 16:02:58.56088457 +0000 UTC m=+1020.586539412;ip-172-20-56-203.ec2.internal;912.80;3;0
2021/10/13 16:02:58 2021-10-13 16:02:58.563993235 +0000 UTC m=+1020.589648080;ip-172-20-62-227.ec2.internal;0.00;0;0
2021/10/13 16:02:58 2021-10-13 16:02:58.567161791 +0000 UTC m=+1020.592816718;ip-172-20-83-240.ec2.internal;2500.20;10;1
2021/10/13 16:03:58 2021-10-13 16:03:58.589344017 +0000 UTC m=+1080.614998892;ip-172-20-83-240.ec2.internal;2709.40;10;1
2021/10/13 16:03:58 2021-10-13 16:03:58.592951941 +0000 UTC m=+1080.618606772;ip-172-20-56-203.ec2.internal;1132.00;4;0
2021/10/13 16:03:58 2021-10-13 16:03:58.596076101 +0000 UTC m=+1080.621730893;ip-172-20-62-227.ec2.internal;0.00;0;0
2021/10/13 16:04:58 2021-10-13 16:04:58.62079183 +0000 UTC m=+1140.646448382;ip-172-20-83-240.ec2.internal;4560.90;10;1
2021/10/13 16:04:58 2021-10-13 16:04:58.6242409 +0000 UTC m=+1140.649895867;ip-172-20-56-203.ec2.internal;1867.80;4;0
2021/10/13 16:04:58 2021-10-13 16:04:58.627266444 +0000 UTC m=+1140.652921267;ip-172-20-62-227.ec2.internal;0.00;0;0
2021/10/13 16:05:58 2021-10-13 16:05:58.649085055 +0000 UTC m=+1200.674739942;ip-172-20-62-227.ec2.internal;0.00;0;0
2021/10/13 16:05:58 2021-10-13 16:05:58.653056161 +0000 UTC m=+1200.678711036;ip-172-20-83-240.ec2.internal;3238.70;10;1
2021/10/13 16:05:58 2021-10-13 16:05:58.657180201 +0000 UTC m=+1200.682835019;ip-172-20-56-203.ec2.internal;1259.40;3;0
2021/10/13 16:06:58 2021-10-13 16:06:58.680262068 +0000 UTC m=+1260.705916993;ip-172-20-56-203.ec2.internal;2241.70;3;0
2021/10/13 16:06:58 2021-10-13 16:06:58.683193974 +0000 UTC m=+1260.708848951;ip-172-20-62-227.ec2.internal;0.00;0;0
2021/10/13 16:06:58 2021-10-13 16:06:58.6859823 +0000 UTC m=+1260.711637151;ip-172-20-83-240.ec2.internal;5729.70;10;1
2021/10/13 16:07:58 2021-10-13 16:07:58.706934929 +0000 UTC m=+1320.732589802;ip-172-20-56-203.ec2.internal;1934.00;4;0
2021/10/13 16:07:58 2021-10-13 16:07:58.710092895 +0000 UTC m=+1320.735747719;ip-172-20-62-227.ec2.internal;0.00;0;0
2021/10/13 16:07:58 2021-10-13 16:07:58.713230696 +0000 UTC m=+1320.738885520;ip-172-20-83-240.ec2.internal;4703.00;10;1
2021/10/13 16:08:58 2021-10-13 16:08:58.734222986 +0000 UTC m=+1380.759877865;ip-172-20-62-227.ec2.internal;14.50;0;0
2021/10/13 16:08:58 2021-10-13 16:08:58.737526599 +0000 UTC m=+1380.763181446;ip-172-20-83-240.ec2.internal;4354.30;10;1
2021/10/13 16:08:58 2021-10-13 16:08:58.742020529 +0000 UTC m=+1380.767675304;ip-172-20-56-203.ec2.internal;1721.40;3;0
2021/10/13 16:09:58 2021-10-13 16:09:58.766102434 +0000 UTC m=+1440.791757290;ip-172-20-83-240.ec2.internal;2425.60;10;1
2021/10/13 16:09:58 2021-10-13 16:09:58.76950827 +0000 UTC m=+1440.795163166;ip-172-20-56-203.ec2.internal;983.70;4;0
2021/10/13 16:09:58 2021-10-13 16:09:58.773786664 +0000 UTC m=+1440.799441471;ip-172-20-62-227.ec2.internal;30.60;0;0
2021/10/13 16:10:58 2021-10-13 16:10:58.7968736 +0000 UTC m=+1500.822528466;ip-172-20-83-240.ec2.internal;2823.90;10;1
2021/10/13 16:10:58 2021-10-13 16:10:58.800280475 +0000 UTC m=+1500.825935454;ip-172-20-56-203.ec2.internal;1161.50;4;0
2021/10/13 16:10:58 2021-10-13 16:10:58.803330806 +0000 UTC m=+1500.828985736;ip-172-20-62-227.ec2.internal;77.90;0;0
2021/10/13 16:11:58 2021-10-13 16:11:58.824556929 +0000 UTC m=+1560.850211907;ip-172-20-83-240.ec2.internal;3053.80;10;1
2021/10/13 16:11:58 2021-10-13 16:11:58.827889859 +0000 UTC m=+1560.853544724;ip-172-20-56-203.ec2.internal;1312.20;4;0
2021/10/13 16:11:58 2021-10-13 16:11:58.831943904 +0000 UTC m=+1560.857598695;ip-172-20-62-227.ec2.internal;114.00;0;0
2021/10/13 16:12:58 2021-10-13 16:12:58.85368135 +0000 UTC m=+1620.879336219;ip-172-20-56-203.ec2.internal;1230.40;3;0
2021/10/13 16:12:58 2021-10-13 16:12:58.856654656 +0000 UTC m=+1620.882309503;ip-172-20-62-227.ec2.internal;148.60;0;0
2021/10/13 16:12:58 2021-10-13 16:12:58.859717405 +0000 UTC m=+1620.885373389;ip-172-20-83-240.ec2.internal;3221.10;10;1
2021/10/13 16:13:58 2021-10-13 16:13:58.881678355 +0000 UTC m=+1680.907333337;ip-172-20-56-203.ec2.internal;581.20;6;0
2021/10/13 16:13:58 2021-10-13 16:13:58.885545837 +0000 UTC m=+1680.911200747;ip-172-20-62-227.ec2.internal;264.00;3;0
2021/10/13 16:13:58 2021-10-13 16:13:58.889098755 +0000 UTC m=+1680.914753623;ip-172-20-83-240.ec2.internal;849.10;10;1
2021/10/13 16:14:58 2021-10-13 16:14:58.910456256 +0000 UTC m=+1740.936111162;ip-172-20-56-203.ec2.internal;927.50;8;0
2021/10/13 16:14:58 2021-10-13 16:14:58.913798348 +0000 UTC m=+1740.939453254;ip-172-20-62-227.ec2.internal;632.60;6;0
2021/10/13 16:14:58 2021-10-13 16:14:58.917130379 +0000 UTC m=+1740.942785291;ip-172-20-83-240.ec2.internal;1051.20;10;1
2021/10/13 16:15:58 Evicting nginx-deployment-7bcbdc8dfd-4pgrp from ip-172-20-83-240.ec2.internal
2021/10/13 16:15:58 2021-10-13 16:15:58.946601523 +0000 UTC m=+1800.972256471;ip-172-20-56-203.ec2.internal;993.50;10;0
2021/10/13 16:15:58 2021-10-13 16:15:58.951017629 +0000 UTC m=+1800.976672423;ip-172-20-62-227.ec2.internal;851.80;8;0
2021/10/13 16:15:58 2021-10-13 16:15:58.958462005 +0000 UTC m=+1800.984116881;ip-172-20-83-240.ec2.internal;937.00;9;1
2021/10/13 16:16:58 2021-10-13 16:16:58.986679605 +0000 UTC m=+1861.012334492;ip-172-20-56-203.ec2.internal;915.20;10;1
2021/10/13 16:16:58 2021-10-13 16:16:58.990217983 +0000 UTC m=+1861.015872934;ip-172-20-62-227.ec2.internal;816.90;8;0
2021/10/13 16:16:58 2021-10-13 16:16:58.993156541 +0000 UTC m=+1861.018811374;ip-172-20-83-240.ec2.internal;766.80;8;0
2021/10/13 16:17:59 Evicting nginx-deployment-7bcbdc8dfd-55rcx from ip-172-20-56-203.ec2.internal
2021/10/13 16:17:59 2021-10-13 16:17:59.021568501 +0000 UTC m=+1921.047223423;ip-172-20-62-227.ec2.internal;1254.20;10;0
2021/10/13 16:17:59 2021-10-13 16:17:59.027618065 +0000 UTC m=+1921.053272840;ip-172-20-83-240.ec2.internal;826.80;6;0
2021/10/13 16:17:59 2021-10-13 16:17:59.05431068 +0000 UTC m=+1921.079965468;ip-172-20-56-203.ec2.internal;1086.30;8;1
2021/10/13 16:18:59 Evicting nginx-deployment-7bcbdc8dfd-n5xkq from ip-172-20-62-227.ec2.internal
2021/10/13 16:18:59 2021-10-13 16:18:59.101074687 +0000 UTC m=+1981.126729587;ip-172-20-56-203.ec2.internal;1031.10;7;0
2021/10/13 16:18:59 2021-10-13 16:18:59.109805383 +0000 UTC m=+1981.135460199;ip-172-20-62-227.ec2.internal;697.50;5;1
2021/10/13 16:18:59 2021-10-13 16:18:59.11654393 +0000 UTC m=+1981.142198849;ip-172-20-83-240.ec2.internal;1296.70;10;0
2021/10/13 16:19:59 Evicting nginx-deployment-7bcbdc8dfd-vdnhf from ip-172-20-83-240.ec2.internal
2021/10/13 16:19:59 2021-10-13 16:19:59.153334128 +0000 UTC m=+2041.178988980;ip-172-20-56-203.ec2.internal;1139.60;10;0
2021/10/13 16:19:59 2021-10-13 16:19:59.159541567 +0000 UTC m=+2041.185196410;ip-172-20-62-227.ec2.internal;1112.30;9;0
2021/10/13 16:19:59 2021-10-13 16:19:59.17084413 +0000 UTC m=+2041.196498987;ip-172-20-83-240.ec2.internal;847.60;7;1
2021/10/13 16:20:59 Evicting nginx-deployment-7bcbdc8dfd-jz5l2 from ip-172-20-56-203.ec2.internal
2021/10/13 16:20:59 2021-10-13 16:20:59.200266947 +0000 UTC m=+2101.225921879;ip-172-20-56-203.ec2.internal;776.10;8;1
2021/10/13 16:20:59 2021-10-13 16:20:59.210778116 +0000 UTC m=+2101.236432994;ip-172-20-62-227.ec2.internal;722.40;8;0
2021/10/13 16:20:59 2021-10-13 16:20:59.215750065 +0000 UTC m=+2101.241404926;ip-172-20-83-240.ec2.internal;867.30;10;0
2021/10/13 16:21:59 Evicting nginx-deployment-7bcbdc8dfd-zg5np from ip-172-20-83-240.ec2.internal
2021/10/13 16:21:59 2021-10-13 16:21:59.24248045 +0000 UTC m=+2161.268135305;ip-172-20-56-203.ec2.internal;2358.80;8;0
2021/10/13 16:21:59 2021-10-13 16:21:59.246699287 +0000 UTC m=+2161.272354139;ip-172-20-62-227.ec2.internal;2726.20;10;0
2021/10/13 16:21:59 2021-10-13 16:21:59.253826656 +0000 UTC m=+2161.279481636;ip-172-20-83-240.ec2.internal;1181.20;4;1
2021/10/13 16:22:59 2021-10-13 16:22:59.27425105 +0000 UTC m=+2221.299905919;ip-172-20-56-203.ec2.internal;3092.70;9;0
2021/10/13 16:22:59 2021-10-13 16:22:59.277449271 +0000 UTC m=+2221.303104138;ip-172-20-62-227.ec2.internal;3318.90;10;1
2021/10/13 16:22:59 2021-10-13 16:22:59.281079778 +0000 UTC m=+2221.306734705;ip-172-20-83-240.ec2.internal;2377.90;7;0
2021/10/13 16:23:59 Evicting nginx-deployment-7bcbdc8dfd-bt4wr from ip-172-20-62-227.ec2.internal
2021/10/13 16:23:59 2021-10-13 16:23:59.303934989 +0000 UTC m=+2281.329589900;ip-172-20-62-227.ec2.internal;2224.90;6;1
2021/10/13 16:23:59 2021-10-13 16:23:59.309568473 +0000 UTC m=+2281.335223332;ip-172-20-83-240.ec2.internal;3251.10;10;0
2021/10/13 16:23:59 2021-10-13 16:23:59.315645006 +0000 UTC m=+2281.341299789;ip-172-20-56-203.ec2.internal;2893.40;8;0
2021/10/13 16:24:59 2021-10-13 16:24:59.335413727 +0000 UTC m=+2341.361068673;ip-172-20-83-240.ec2.internal;4910.10;10;1
2021/10/13 16:24:59 2021-10-13 16:24:59.338731581 +0000 UTC m=+2341.364386489;ip-172-20-56-203.ec2.internal;3045.50;6;0
2021/10/13 16:24:59 2021-10-13 16:24:59.34162368 +0000 UTC m=+2341.367278565;ip-172-20-62-227.ec2.internal;1492.40;3;0
2021/10/13 16:25:59 2021-10-13 16:25:59.375668768 +0000 UTC m=+2401.401323640;ip-172-20-62-227.ec2.internal;1287.70;1;0
2021/10/13 16:25:59 2021-10-13 16:25:59.378848633 +0000 UTC m=+2401.404503499;ip-172-20-83-240.ec2.internal;7717.90;10;1
2021/10/13 16:25:59 2021-10-13 16:25:59.38202189 +0000 UTC m=+2401.407676702;ip-172-20-56-203.ec2.internal;3876.70;5;0
2021/10/13 16:26:59 2021-10-13 16:26:59.399982304 +0000 UTC m=+2461.425637192;ip-172-20-56-203.ec2.internal;4590.80;5;0
2021/10/13 16:26:59 2021-10-13 16:26:59.40298785 +0000 UTC m=+2461.428642657;ip-172-20-62-227.ec2.internal;1975.80;2;0
2021/10/13 16:26:59 2021-10-13 16:26:59.406190339 +0000 UTC m=+2461.431845180;ip-172-20-83-240.ec2.internal;8684.90;10;1
2021/10/13 16:27:59 2021-10-13 16:27:59.424813859 +0000 UTC m=+2521.450468808;ip-172-20-62-227.ec2.internal;2218.60;2;0
2021/10/13 16:27:59 2021-10-13 16:27:59.427958153 +0000 UTC m=+2521.453613331;ip-172-20-83-240.ec2.internal;7998.40;10;1
2021/10/13 16:27:59 2021-10-13 16:27:59.431239049 +0000 UTC m=+2521.456893889;ip-172-20-56-203.ec2.internal;4701.20;5;0
2021/10/13 16:28:59 2021-10-13 16:28:59.446661177 +0000 UTC m=+2581.472316049;ip-172-20-56-203.ec2.internal;5002.60;6;0
2021/10/13 16:28:59 2021-10-13 16:28:59.449387432 +0000 UTC m=+2581.475042210;ip-172-20-62-227.ec2.internal;2170.30;2;0
2021/10/13 16:28:59 2021-10-13 16:28:59.45230956 +0000 UTC m=+2581.477990099;ip-172-20-83-240.ec2.internal;7708.10;10;1
2021/10/13 16:29:59 2021-10-13 16:29:59.467027464 +0000 UTC m=+2641.492682382;ip-172-20-83-240.ec2.internal;8042.60;10;1
2021/10/13 16:29:59 2021-10-13 16:29:59.470348342 +0000 UTC m=+2641.496003235;ip-172-20-56-203.ec2.internal;5237.60;6;0
2021/10/13 16:29:59 2021-10-13 16:29:59.47335023 +0000 UTC m=+2641.499005086;ip-172-20-62-227.ec2.internal;2671.90;3;0
2021/10/13 16:30:59 2021-10-13 16:30:59.496933967 +0000 UTC m=+2701.522588888;ip-172-20-56-203.ec2.internal;5387.10;6;0
2021/10/13 16:30:59 2021-10-13 16:30:59.500306812 +0000 UTC m=+2701.525961705;ip-172-20-62-227.ec2.internal;2774.70;3;0
2021/10/13 16:30:59 2021-10-13 16:30:59.503432532 +0000 UTC m=+2701.529087390;ip-172-20-83-240.ec2.internal;8411.80;10;1
2021/10/13 16:31:59 2021-10-13 16:31:59.526879169 +0000 UTC m=+2761.552534007;ip-172-20-83-240.ec2.internal;8326.20;10;1
2021/10/13 16:31:59 2021-10-13 16:31:59.53005662 +0000 UTC m=+2761.555711660;ip-172-20-56-203.ec2.internal;3945.10;4;0
2021/10/13 16:31:59 2021-10-13 16:31:59.533399188 +0000 UTC m=+2761.559054032;ip-172-20-62-227.ec2.internal;1201.30;1;0
2021/10/13 16:32:59 2021-10-13 16:32:59.556423632 +0000 UTC m=+2821.582078478;ip-172-20-56-203.ec2.internal;5075.10;6;0
2021/10/13 16:32:59 2021-10-13 16:32:59.55957887 +0000 UTC m=+2821.585233784;ip-172-20-62-227.ec2.internal;2913.90;3;0
2021/10/13 16:32:59 2021-10-13 16:32:59.563608264 +0000 UTC m=+2821.589263123;ip-172-20-83-240.ec2.internal;7644.10;10;1
2021/10/13 16:33:59 2021-10-13 16:33:59.586876917 +0000 UTC m=+2881.612531781;ip-172-20-56-203.ec2.internal;5314.00;6;0
2021/10/13 16:33:59 2021-10-13 16:33:59.590017456 +0000 UTC m=+2881.615672364;ip-172-20-62-227.ec2.internal;3206.50;3;0
2021/10/13 16:33:59 2021-10-13 16:33:59.593053301 +0000 UTC m=+2881.618708159;ip-172-20-83-240.ec2.internal;8803.50;10;1
2021/10/13 16:34:59 2021-10-13 16:34:59.615276838 +0000 UTC m=+2941.640931778;ip-172-20-56-203.ec2.internal;5775.50;6;0
2021/10/13 16:34:59 2021-10-13 16:34:59.618135933 +0000 UTC m=+2941.643790750;ip-172-20-62-227.ec2.internal;3266.00;3;0
2021/10/13 16:34:59 2021-10-13 16:34:59.621340087 +0000 UTC m=+2941.646994899;ip-172-20-83-240.ec2.internal;8739.70;10;1
2021/10/13 16:35:59 2021-10-13 16:35:59.654682006 +0000 UTC m=+3001.680337042;ip-172-20-56-203.ec2.internal;5738.40;7;0
2021/10/13 16:35:59 2021-10-13 16:35:59.663254509 +0000 UTC m=+3001.688909286;ip-172-20-62-227.ec2.internal;2954.30;3;0
2021/10/13 16:35:59 2021-10-13 16:35:59.666297781 +0000 UTC m=+3001.691952608;ip-172-20-83-240.ec2.internal;7820.70;10;1
2021/10/13 16:36:59 2021-10-13 16:36:59.69090864 +0000 UTC m=+3061.716563463;ip-172-20-83-240.ec2.internal;8820.80;10;1
2021/10/13 16:36:59 2021-10-13 16:36:59.694164607 +0000 UTC m=+3061.719819536;ip-172-20-56-203.ec2.internal;6030.80;6;0
2021/10/13 16:36:59 2021-10-13 16:36:59.697271004 +0000 UTC m=+3061.722925931;ip-172-20-62-227.ec2.internal;3189.40;3;0
2021/10/13 16:37:59 2021-10-13 16:37:59.720238911 +0000 UTC m=+3121.745893824;ip-172-20-56-203.ec2.internal;6325.40;8;0
2021/10/13 16:37:59 2021-10-13 16:37:59.723097669 +0000 UTC m=+3121.748752547;ip-172-20-62-227.ec2.internal;4731.20;6;0
2021/10/13 16:37:59 2021-10-13 16:37:59.726158984 +0000 UTC m=+3121.751813848;ip-172-20-83-240.ec2.internal;7210.50;10;1
2021/10/13 16:38:59 Evicting nginx-deployment-7bcbdc8dfd-lqw66 from ip-172-20-83-240.ec2.internal
2021/10/13 16:38:59 2021-10-13 16:38:59.768907223 +0000 UTC m=+3181.794562151;ip-172-20-83-240.ec2.internal;7236.10;8;1
2021/10/13 16:38:59 2021-10-13 16:38:59.77294875 +0000 UTC m=+3181.798603671;ip-172-20-56-203.ec2.internal;8172.00;10;0
2021/10/13 16:38:59 2021-10-13 16:38:59.782878893 +0000 UTC m=+3181.808533727;ip-172-20-62-227.ec2.internal;6495.00;7;0
2021/10/13 16:39:59 Evicting nginx-deployment-7bcbdc8dfd-vkjgb from ip-172-20-56-203.ec2.internal
2021/10/13 16:39:59 2021-10-13 16:39:59.822613408 +0000 UTC m=+3241.848268324;ip-172-20-56-203.ec2.internal;7323.40;8;1
2021/10/13 16:39:59 2021-10-13 16:39:59.828437367 +0000 UTC m=+3241.854092179;ip-172-20-62-227.ec2.internal;6173.70;7;0
2021/10/13 16:39:59 2021-10-13 16:39:59.834322413 +0000 UTC m=+3241.859977221;ip-172-20-83-240.ec2.internal;8288.20;10;1
2021/10/13 16:40:59 2021-10-13 16:40:59.861014602 +0000 UTC m=+3301.886669492;ip-172-20-56-203.ec2.internal;6612.40;8;0
2021/10/13 16:40:59 2021-10-13 16:40:59.863944033 +0000 UTC m=+3301.889598964;ip-172-20-62-227.ec2.internal;5142.80;6;0
2021/10/13 16:40:59 2021-10-13 16:40:59.866955211 +0000 UTC m=+3301.892610110;ip-172-20-83-240.ec2.internal;8211.20;10;1
2021/10/13 16:41:59 2021-10-13 16:41:59.891044073 +0000 UTC m=+3361.916698957;ip-172-20-56-203.ec2.internal;6483.60;8;0
2021/10/13 16:41:59 2021-10-13 16:41:59.893947574 +0000 UTC m=+3361.919602513;ip-172-20-62-227.ec2.internal;4547.20;5;0
2021/10/13 16:41:59 2021-10-13 16:41:59.896865299 +0000 UTC m=+3361.922520133;ip-172-20-83-240.ec2.internal;7735.20;10;1
2021/10/13 16:42:59 2021-10-13 16:42:59.921601977 +0000 UTC m=+3421.947256939;ip-172-20-56-203.ec2.internal;7496.10;8;0
2021/10/13 16:42:59 2021-10-13 16:42:59.924454669 +0000 UTC m=+3421.950109582;ip-172-20-62-227.ec2.internal;5273.70;6;0
2021/10/13 16:42:59 2021-10-13 16:42:59.92747192 +0000 UTC m=+3421.953126729;ip-172-20-83-240.ec2.internal;8410.10;10;1
2021/10/13 16:43:59 2021-10-13 16:43:59.951739605 +0000 UTC m=+3481.977394473;ip-172-20-56-203.ec2.internal;4598.80;5;0
2021/10/13 16:43:59 2021-10-13 16:43:59.954614553 +0000 UTC m=+3481.980269408;ip-172-20-62-227.ec2.internal;2005.20;2;0
2021/10/13 16:43:59 2021-10-13 16:43:59.957890166 +0000 UTC m=+3481.983545113;ip-172-20-83-240.ec2.internal;8887.30;10;1
2021/10/13 16:44:59 2021-10-13 16:44:59.982220312 +0000 UTC m=+3542.007875249;ip-172-20-56-203.ec2.internal;4237.90;5;0
2021/10/13 16:44:59 2021-10-13 16:44:59.985347893 +0000 UTC m=+3542.011002768;ip-172-20-62-227.ec2.internal;1248.60;1;0
2021/10/13 16:44:59 2021-10-13 16:44:59.988163838 +0000 UTC m=+3542.013818695;ip-172-20-83-240.ec2.internal;7976.50;10;1
2021/10/13 16:46:00 2021-10-13 16:46:00.012551072 +0000 UTC m=+3602.038205949;ip-172-20-83-240.ec2.internal;7705.60;10;1
2021/10/13 16:46:00 2021-10-13 16:46:00.021780495 +0000 UTC m=+3602.047435372;ip-172-20-56-203.ec2.internal;4135.60;5;0
2021/10/13 16:46:00 2021-10-13 16:46:00.025870696 +0000 UTC m=+3602.051525569;ip-172-20-62-227.ec2.internal;1474.40;1;0
2021/10/13 16:47:00 2021-10-13 16:47:00.051281114 +0000 UTC m=+3662.076935993;ip-172-20-56-203.ec2.internal;3342.60;6;0
2021/10/13 16:47:00 2021-10-13 16:47:00.054995135 +0000 UTC m=+3662.080649973;ip-172-20-62-227.ec2.internal;1540.20;2;0
2021/10/13 16:47:00 2021-10-13 16:47:00.058549239 +0000 UTC m=+3662.084204175;ip-172-20-83-240.ec2.internal;5288.40;10;1
2021/10/13 16:48:00 2021-10-13 16:48:00.086977455 +0000 UTC m=+3722.112632318;ip-172-20-56-203.ec2.internal;4397.00;5;0
2021/10/13 16:48:00 2021-10-13 16:48:00.091040532 +0000 UTC m=+3722.116695462;ip-172-20-62-227.ec2.internal;1430.00;1;0
2021/10/13 16:48:00 2021-10-13 16:48:00.094818874 +0000 UTC m=+3722.120473724;ip-172-20-83-240.ec2.internal;8436.40;10;1
2021/10/13 16:49:00 2021-10-13 16:49:00.120537382 +0000 UTC m=+3782.146192450;ip-172-20-62-227.ec2.internal;3243.60;4;0
2021/10/13 16:49:00 2021-10-13 16:49:00.123669489 +0000 UTC m=+3782.149324334;ip-172-20-83-240.ec2.internal;7942.20;10;1
2021/10/13 16:49:00 2021-10-13 16:49:00.127196416 +0000 UTC m=+3782.152851296;ip-172-20-56-203.ec2.internal;5263.70;6;0
2021/10/13 16:50:00 Evicting nginx-deployment-7bcbdc8dfd-6fph9 from ip-172-20-83-240.ec2.internal
2021/10/13 16:50:00 2021-10-13 16:50:00.157547617 +0000 UTC m=+3842.183202403;ip-172-20-56-203.ec2.internal;6049.50;10;0
2021/10/13 16:50:00 2021-10-13 16:50:00.164929954 +0000 UTC m=+3842.190584859;ip-172-20-62-227.ec2.internal;5914.30;9;0
2021/10/13 16:50:00 2021-10-13 16:50:00.175207938 +0000 UTC m=+3842.200862737;ip-172-20-83-240.ec2.internal;5906.90;9;1
2021/10/13 16:51:00 Evicting nginx-deployment-7bcbdc8dfd-577jg from ip-172-20-56-203.ec2.internal
2021/10/13 16:51:00 2021-10-13 16:51:00.211253456 +0000 UTC m=+3902.236908547;ip-172-20-83-240.ec2.internal;2638.10;10;0
2021/10/13 16:51:00 2021-10-13 16:51:00.216309631 +0000 UTC m=+3902.241964539;ip-172-20-56-203.ec2.internal;2323.50;8;1
2021/10/13 16:51:00 2021-10-13 16:51:00.222687331 +0000 UTC m=+3902.248342129;ip-172-20-62-227.ec2.internal;2145.50;8;0
2021/10/13 16:52:00 Evicting nginx-deployment-7bcbdc8dfd-6zqx5 from ip-172-20-83-240.ec2.internal
2021/10/13 16:52:00 2021-10-13 16:52:00.256886329 +0000 UTC m=+3962.282541230;ip-172-20-56-203.ec2.internal;2602.50;6;0
2021/10/13 16:52:00 2021-10-13 16:52:00.262015935 +0000 UTC m=+3962.287670752;ip-172-20-62-227.ec2.internal;3750.40;10;0
2021/10/13 16:52:00 2021-10-13 16:52:00.267150877 +0000 UTC m=+3962.292805769;ip-172-20-83-240.ec2.internal;640.70;1;1
2021/10/13 16:53:00 Evicting nginx-deployment-7bcbdc8dfd-dfj4k from ip-172-20-56-203.ec2.internal
2021/10/13 16:53:00 2021-10-13 16:53:00.321465087 +0000 UTC m=+4022.347119979;ip-172-20-56-203.ec2.internal;4249.90;7;1
2021/10/13 16:53:00 2021-10-13 16:53:00.337707695 +0000 UTC m=+4022.363362579;ip-172-20-62-227.ec2.internal;5642.50;10;1
2021/10/13 16:53:00 2021-10-13 16:53:00.345514175 +0000 UTC m=+4022.371168955;ip-172-20-83-240.ec2.internal;0.00;0;0
2021/10/13 16:54:00 2021-10-13 16:54:00.364997043 +0000 UTC m=+4082.390652071;ip-172-20-56-203.ec2.internal;3775.20;6;0
2021/10/13 16:54:00 2021-10-13 16:54:00.368026484 +0000 UTC m=+4082.393681294;ip-172-20-62-227.ec2.internal;5964.20;10;1
2021/10/13 16:54:00 2021-10-13 16:54:00.371927762 +0000 UTC m=+4082.397582567;ip-172-20-83-240.ec2.internal;0.00;0;0
2021/10/13 16:55:00 2021-10-13 16:55:00.393610172 +0000 UTC m=+4142.419265048;ip-172-20-56-203.ec2.internal;1303.00;2;0
2021/10/13 16:55:00 2021-10-13 16:55:00.396731677 +0000 UTC m=+4142.422386483;ip-172-20-62-227.ec2.internal;4641.30;10;1
2021/10/13 16:55:00 2021-10-13 16:55:00.400208789 +0000 UTC m=+4142.425863681;ip-172-20-83-240.ec2.internal;0.00;0;0
2021/10/13 16:56:00 2021-10-13 16:56:00.419554661 +0000 UTC m=+4202.445209546;ip-172-20-56-203.ec2.internal;696.00;3;0
2021/10/13 16:56:00 2021-10-13 16:56:00.422683461 +0000 UTC m=+4202.448338292;ip-172-20-62-227.ec2.internal;1925.60;10;1
2021/10/13 16:56:00 2021-10-13 16:56:00.427820756 +0000 UTC m=+4202.453475712;ip-172-20-83-240.ec2.internal;0.00;0;0
2021/10/13 16:57:00 Evicting nginx-deployment-7bcbdc8dfd-64h5b from ip-172-20-62-227.ec2.internal
2021/10/13 16:57:00 2021-10-13 16:57:00.45553494 +0000 UTC m=+4262.481189933;ip-172-20-56-203.ec2.internal;1226.20;10;0
2021/10/13 16:57:00 2021-10-13 16:57:00.460116728 +0000 UTC m=+4262.485771558;ip-172-20-62-227.ec2.internal;1000.00;8;1
2021/10/13 16:57:00 2021-10-13 16:57:00.466345024 +0000 UTC m=+4262.491999931;ip-172-20-83-240.ec2.internal;0.00;0;0
2021/10/13 16:58:00 2021-10-13 16:58:00.496205634 +0000 UTC m=+4322.521860516;ip-172-20-56-203.ec2.internal;3772.10;10;1
2021/10/13 16:58:00 2021-10-13 16:58:00.504890649 +0000 UTC m=+4322.530545424;ip-172-20-62-227.ec2.internal;887.10;2;0
2021/10/13 16:58:00 2021-10-13 16:58:00.509932059 +0000 UTC m=+4322.535586852;ip-172-20-83-240.ec2.internal;1686.10;4;0
2021/10/13 16:59:00 Evicting nginx-deployment-7bcbdc8dfd-glf9v from ip-172-20-56-203.ec2.internal
2021/10/13 16:59:00 2021-10-13 16:59:00.533275762 +0000 UTC m=+4382.558930803;ip-172-20-62-227.ec2.internal;795.40;0;0
2021/10/13 16:59:00 2021-10-13 16:59:00.537058391 +0000 UTC m=+4382.562713205;ip-172-20-83-240.ec2.internal;8734.90;10;0
2021/10/13 16:59:00 2021-10-13 16:59:00.542676406 +0000 UTC m=+4382.568331257;ip-172-20-56-203.ec2.internal;6821.60;7;1
2021/10/13 17:00:00 Evicting nginx-deployment-7bcbdc8dfd-9xjql from ip-172-20-83-240.ec2.internal
2021/10/13 17:00:00 2021-10-13 17:00:00.568692905 +0000 UTC m=+4442.594347736;ip-172-20-56-203.ec2.internal;7913.00;8;0
2021/10/13 17:00:00 2021-10-13 17:00:00.572801227 +0000 UTC m=+4442.598456085;ip-172-20-62-227.ec2.internal;9425.00;10;0
2021/10/13 17:00:00 2021-10-13 17:00:00.57907796 +0000 UTC m=+4442.604732861;ip-172-20-83-240.ec2.internal;6893.10;7;1
2021/10/13 17:01:00 2021-10-13 17:01:00.642501869 +0000 UTC m=+4502.668156749;ip-172-20-56-203.ec2.internal;7177.80;7;0
2021/10/13 17:01:00 2021-10-13 17:01:00.645603295 +0000 UTC m=+4502.671258203;ip-172-20-62-227.ec2.internal;9425.00;10;1
2021/10/13 17:01:00 2021-10-13 17:01:00.649433415 +0000 UTC m=+4502.675088243;ip-172-20-83-240.ec2.internal;5600.60;5;0
2021/10/13 17:02:00 Evicting nginx-deployment-7bcbdc8dfd-tj8hz from ip-172-20-62-227.ec2.internal
2021/10/13 17:02:00 2021-10-13 17:02:00.679901754 +0000 UTC m=+4562.705556727;ip-172-20-62-227.ec2.internal;3423.60;8;1
2021/10/13 17:02:00 2021-10-13 17:02:00.696040044 +0000 UTC m=+4562.721694879;ip-172-20-83-240.ec2.internal;3663.90;9;0
2021/10/13 17:02:00 2021-10-13 17:02:00.700110091 +0000 UTC m=+4562.725764943;ip-172-20-56-203.ec2.internal;3981.90;10;0
2021/10/13 17:03:00 Evicting nginx-deployment-7bcbdc8dfd-h8qtk from ip-172-20-56-203.ec2.internal
2021/10/13 17:03:00 2021-10-13 17:03:00.744678941 +0000 UTC m=+4622.770333803;ip-172-20-56-203.ec2.internal;1172.50;3;1
2021/10/13 17:03:00 2021-10-13 17:03:00.751519613 +0000 UTC m=+4622.777174420;ip-172-20-62-227.ec2.internal;934.00;2;0
2021/10/13 17:03:00 2021-10-13 17:03:00.763356482 +0000 UTC m=+4622.789011339;ip-172-20-83-240.ec2.internal;3663.90;10;1
2021/10/13 17:04:00 2021-10-13 17:04:00.795051345 +0000 UTC m=+4682.820706255;ip-172-20-62-227.ec2.internal;305.10;0;0
2021/10/13 17:04:00 2021-10-13 17:04:00.798148944 +0000 UTC m=+4682.823803597;ip-172-20-83-240.ec2.internal;8079.70;10;1
2021/10/13 17:04:00 2021-10-13 17:04:00.801575535 +0000 UTC m=+4682.827230449;ip-172-20-56-203.ec2.internal;3843.90;4;0
2021/10/13 17:05:00 2021-10-13 17:05:00.828270648 +0000 UTC m=+4742.853925626;ip-172-20-56-203.ec2.internal;3718.80;4;0
2021/10/13 17:05:00 2021-10-13 17:05:00.831091751 +0000 UTC m=+4742.856746642;ip-172-20-62-227.ec2.internal;255.10;0;0
2021/10/13 17:05:00 2021-10-13 17:05:00.83394537 +0000 UTC m=+4742.859600215;ip-172-20-83-240.ec2.internal;8150.70;10;1
2021/10/13 17:06:00 2021-10-13 17:06:00.860254419 +0000 UTC m=+4802.885909365;ip-172-20-56-203.ec2.internal;3512.60;4;0
2021/10/13 17:06:00 2021-10-13 17:06:00.863370601 +0000 UTC m=+4802.889025539;ip-172-20-62-227.ec2.internal;276.60;0;0
2021/10/13 17:06:00 2021-10-13 17:06:00.866249003 +0000 UTC m=+4802.891903893;ip-172-20-83-240.ec2.internal;7699.00;10;1
2021/10/13 17:07:00 2021-10-13 17:07:00.89583958 +0000 UTC m=+4862.921494507;ip-172-20-56-203.ec2.internal;3227.10;5;0
2021/10/13 17:07:00 2021-10-13 17:07:00.898777722 +0000 UTC m=+4862.924432676;ip-172-20-62-227.ec2.internal;571.40;0;0
2021/10/13 17:07:00 2021-10-13 17:07:00.902028083 +0000 UTC m=+4862.927682885;ip-172-20-83-240.ec2.internal;6316.30;10;1
2021/10/13 17:08:00 Evicting nginx-deployment-7bcbdc8dfd-4kgws from ip-172-20-83-240.ec2.internal
2021/10/13 17:08:00 2021-10-13 17:08:00.932935899 +0000 UTC m=+4922.958590925;ip-172-20-56-203.ec2.internal;5762.60;10;0
2021/10/13 17:08:00 2021-10-13 17:08:00.94223553 +0000 UTC m=+4922.967890409;ip-172-20-62-227.ec2.internal;5478.30;9;0
2021/10/13 17:08:00 2021-10-13 17:08:00.945925211 +0000 UTC m=+4922.971579979;ip-172-20-83-240.ec2.internal;4088.00;7;1
2021/10/13 17:09:00 Evicting nginx-deployment-7bcbdc8dfd-wwxsr from ip-172-20-56-203.ec2.internal
2021/10/13 17:09:00 2021-10-13 17:09:00.979984132 +0000 UTC m=+4983.005639016;ip-172-20-56-203.ec2.internal;3479.80;9;1
2021/10/13 17:09:00 2021-10-13 17:09:00.996347495 +0000 UTC m=+4983.022002424;ip-172-20-62-227.ec2.internal;3720.70;10;0
2021/10/13 17:09:01 2021-10-13 17:09:00.999628494 +0000 UTC m=+4983.025283341;ip-172-20-83-240.ec2.internal;2062.90;5;0
2021/10/13 17:10:01 2021-10-13 17:10:01.034192834 +0000 UTC m=+5043.059847794;ip-172-20-56-203.ec2.internal;2740.50;9;0
2021/10/13 17:10:01 2021-10-13 17:10:01.037192634 +0000 UTC m=+5043.062847447;ip-172-20-62-227.ec2.internal;2941.80;10;1
2021/10/13 17:10:01 2021-10-13 17:10:01.040840949 +0000 UTC m=+5043.066495801;ip-172-20-83-240.ec2.internal;1622.50;5;0
2021/10/13 17:11:01 2021-10-13 17:11:01.066006205 +0000 UTC m=+5103.091661042;ip-172-20-62-227.ec2.internal;4199.10;10;1
2021/10/13 17:11:01 2021-10-13 17:11:01.069180073 +0000 UTC m=+5103.094834952;ip-172-20-83-240.ec2.internal;1907.70;4;0
2021/10/13 17:11:01 2021-10-13 17:11:01.072703787 +0000 UTC m=+5103.098358630;ip-172-20-56-203.ec2.internal;3532.20;8;0
2021/10/13 17:12:01 2021-10-13 17:12:01.098630573 +0000 UTC m=+5163.124285464;ip-172-20-83-240.ec2.internal;985.90;3;0
2021/10/13 17:12:01 2021-10-13 17:12:01.101788402 +0000 UTC m=+5163.127443284;ip-172-20-56-203.ec2.internal;2038.60;7;0
2021/10/13 17:12:01 2021-10-13 17:12:01.105195707 +0000 UTC m=+5163.130850550;ip-172-20-62-227.ec2.internal;2628.00;10;1
2021/10/13 17:13:01 2021-10-13 17:13:01.131274391 +0000 UTC m=+5223.156929414;ip-172-20-56-203.ec2.internal;2342.40;9;0
2021/10/13 17:13:01 2021-10-13 17:13:01.134301017 +0000 UTC m=+5223.159955951;ip-172-20-62-227.ec2.internal;2475.00;10;1
2021/10/13 17:13:01 2021-10-13 17:13:01.137665715 +0000 UTC m=+5223.163320559;ip-172-20-83-240.ec2.internal;1367.70;5;0
2021/10/13 17:14:01 Evicting nginx-deployment-7bcbdc8dfd-q674t from ip-172-20-62-227.ec2.internal
2021/10/13 17:14:01 2021-10-13 17:14:01.168883358 +0000 UTC m=+5283.194538290;ip-172-20-56-203.ec2.internal;1537.00;10;0
2021/10/13 17:14:01 2021-10-13 17:14:01.176127288 +0000 UTC m=+5283.201782310;ip-172-20-62-227.ec2.internal;1361.00;8;1
2021/10/13 17:14:01 2021-10-13 17:14:01.181818327 +0000 UTC m=+5283.207473177;ip-172-20-83-240.ec2.internal;1345.20;8;0
2021/10/13 17:15:01 2021-10-13 17:15:01.229631272 +0000 UTC m=+5343.255286178;ip-172-20-83-240.ec2.internal;1301.50;8;0
2021/10/13 17:15:01 2021-10-13 17:15:01.237405965 +0000 UTC m=+5343.263060849;ip-172-20-56-203.ec2.internal;1454.20;10;1
2021/10/13 17:15:01 2021-10-13 17:15:01.24170324 +0000 UTC m=+5343.267358079;ip-172-20-62-227.ec2.internal;1112.90;7;0
2021/10/13 17:16:01 Evicting nginx-deployment-7bcbdc8dfd-pcwb5 from ip-172-20-56-203.ec2.internal
2021/10/13 17:16:01 2021-10-13 17:16:01.274715437 +0000 UTC m=+5403.300370405;ip-172-20-62-227.ec2.internal;1080.60;6;0
2021/10/13 17:16:01 2021-10-13 17:16:01.285737798 +0000 UTC m=+5403.311392695;ip-172-20-83-240.ec2.internal;1763.50;10;1
2021/10/13 17:16:01 2021-10-13 17:16:01.29204803 +0000 UTC m=+5403.317702874;ip-172-20-56-203.ec2.internal;1423.10;8;1
2021/10/13 17:17:01 2021-10-13 17:17:01.330135865 +0000 UTC m=+5463.355790767;ip-172-20-62-227.ec2.internal;996.20;5;0
2021/10/13 17:17:01 2021-10-13 17:17:01.333223687 +0000 UTC m=+5463.358878588;ip-172-20-83-240.ec2.internal;1800.60;10;1
2021/10/13 17:17:01 2021-10-13 17:17:01.336723157 +0000 UTC m=+5463.362378017;ip-172-20-56-203.ec2.internal;1293.50;7;0
2021/10/13 17:18:01 2021-10-13 17:18:01.370141142 +0000 UTC m=+5523.395796053;ip-172-20-56-203.ec2.internal;1935.90;7;0
2021/10/13 17:18:01 2021-10-13 17:18:01.374126853 +0000 UTC m=+5523.399781714;ip-172-20-62-227.ec2.internal;1161.80;4;0
2021/10/13 17:18:01 2021-10-13 17:18:01.377047324 +0000 UTC m=+5523.402702177;ip-172-20-83-240.ec2.internal;2505.10;10;1
2021/10/13 17:19:01 2021-10-13 17:19:01.400296493 +0000 UTC m=+5583.425951481;ip-172-20-56-203.ec2.internal;5639.30;6;0
2021/10/13 17:19:01 2021-10-13 17:19:01.403706482 +0000 UTC m=+5583.429361321;ip-172-20-62-227.ec2.internal;2766.50;3;0
2021/10/13 17:19:01 2021-10-13 17:19:01.407220777 +0000 UTC m=+5583.432875631;ip-172-20-83-240.ec2.internal;8921.70;10;1
2021/10/13 17:20:01 2021-10-13 17:20:01.430257202 +0000 UTC m=+5643.455912118;ip-172-20-83-240.ec2.internal;6692.90;10;1
2021/10/13 17:20:01 2021-10-13 17:20:01.433635054 +0000 UTC m=+5643.459289907;ip-172-20-56-203.ec2.internal;4542.10;6;0
2021/10/13 17:20:01 2021-10-13 17:20:01.439569949 +0000 UTC m=+5643.465224858;ip-172-20-62-227.ec2.internal;2430.10;3;0
2021/10/13 17:21:01 2021-10-13 17:21:01.469300782 +0000 UTC m=+5703.494955792;ip-172-20-56-203.ec2.internal;3388.60;6;0
2021/10/13 17:21:01 2021-10-13 17:21:01.472504025 +0000 UTC m=+5703.498159109;ip-172-20-62-227.ec2.internal;1816.30;3;0
2021/10/13 17:21:01 2021-10-13 17:21:01.475840199 +0000 UTC m=+5703.501495015;ip-172-20-83-240.ec2.internal;4905.40;10;1
2021/10/13 17:22:01 2021-10-13 17:22:01.499205671 +0000 UTC m=+5763.524860586;ip-172-20-56-203.ec2.internal;3988.00;6;0
2021/10/13 17:22:01 2021-10-13 17:22:01.502578565 +0000 UTC m=+5763.528233399;ip-172-20-62-227.ec2.internal;1962.20;3;0
2021/10/13 17:22:01 2021-10-13 17:22:01.505518003 +0000 UTC m=+5763.531172874;ip-172-20-83-240.ec2.internal;6261.90;10;1
2021/10/13 17:23:01 2021-10-13 17:23:01.526666454 +0000 UTC m=+5823.552321467;ip-172-20-83-240.ec2.internal;4513.20;10;1
2021/10/13 17:23:01 2021-10-13 17:23:01.530191033 +0000 UTC m=+5823.555845894;ip-172-20-56-203.ec2.internal;2990.80;6;0
2021/10/13 17:23:01 2021-10-13 17:23:01.533471319 +0000 UTC m=+5823.559126313;ip-172-20-62-227.ec2.internal;1752.90;3;0
2021/10/13 17:24:01 Evicting nginx-deployment-7bcbdc8dfd-kpx5t from ip-172-20-83-240.ec2.internal
2021/10/13 17:24:01 2021-10-13 17:24:01.562103297 +0000 UTC m=+5883.587758230;ip-172-20-56-203.ec2.internal;3865.80;10;0
2021/10/13 17:24:01 2021-10-13 17:24:01.570648249 +0000 UTC m=+5883.596303169;ip-172-20-62-227.ec2.internal;3288.00;8;0
2021/10/13 17:24:01 2021-10-13 17:24:01.580755582 +0000 UTC m=+5883.606410415;ip-172-20-83-240.ec2.internal;3707.50;9;1
2021/10/13 17:25:01 Evicting nginx-deployment-7bcbdc8dfd-6c2hc from ip-172-20-56-203.ec2.internal
2021/10/13 17:25:01 2021-10-13 17:25:01.613508546 +0000 UTC m=+5943.639163433;ip-172-20-56-203.ec2.internal;2688.70;7;1
2021/10/13 17:25:01 2021-10-13 17:25:01.618607984 +0000 UTC m=+5943.644262840;ip-172-20-62-227.ec2.internal;2089.00;5;0
2021/10/13 17:25:01 2021-10-13 17:25:01.625159567 +0000 UTC m=+5943.650814640;ip-172-20-83-240.ec2.internal;3542.40;10;1
2021/10/13 17:26:01 2021-10-13 17:26:01.652867858 +0000 UTC m=+6003.678522678;ip-172-20-56-203.ec2.internal;2633.50;7;0
2021/10/13 17:26:01 2021-10-13 17:26:01.655837961 +0000 UTC m=+6003.681492855;ip-172-20-62-227.ec2.internal;1580.20;4;0
2021/10/13 17:26:01 2021-10-13 17:26:01.659111154 +0000 UTC m=+6003.684766092;ip-172-20-83-240.ec2.internal;3399.50;10;1
2021/10/13 17:27:01 2021-10-13 17:27:01.68240816 +0000 UTC m=+6063.708063074;ip-172-20-56-203.ec2.internal;2152.00;6;0
2021/10/13 17:27:01 2021-10-13 17:27:01.685608671 +0000 UTC m=+6063.711263546;ip-172-20-62-227.ec2.internal;1196.80;3;0
2021/10/13 17:27:01 2021-10-13 17:27:01.68857353 +0000 UTC m=+6063.714228349;ip-172-20-83-240.ec2.internal;3176.30;10;1
2021/10/13 17:28:01 2021-10-13 17:28:01.707755226 +0000 UTC m=+6123.733410070;ip-172-20-56-203.ec2.internal;2679.40;8;0
2021/10/13 17:28:01 2021-10-13 17:28:01.710669003 +0000 UTC m=+6123.736323973;ip-172-20-62-227.ec2.internal;2500.30;8;0
2021/10/13 17:28:01 2021-10-13 17:28:01.713892741 +0000 UTC m=+6123.739547587;ip-172-20-83-240.ec2.internal;2977.50;10;1
2021/10/13 17:29:01 2021-10-13 17:29:01.73356986 +0000 UTC m=+6183.759224741;ip-172-20-56-203.ec2.internal;1613.70;9;0
2021/10/13 17:29:01 2021-10-13 17:29:01.736657338 +0000 UTC m=+6183.762312198;ip-172-20-62-227.ec2.internal;1577.10;9;0
2021/10/13 17:29:01 2021-10-13 17:29:01.739420482 +0000 UTC m=+6183.765075339;ip-172-20-83-240.ec2.internal;1639.30;10;1
2021/10/13 17:30:01 Evicting nginx-deployment-7bcbdc8dfd-6pftb from ip-172-20-83-240.ec2.internal
2021/10/13 17:30:01 2021-10-13 17:30:01.762029075 +0000 UTC m=+6243.787684015;ip-172-20-62-227.ec2.internal;1237.60;10;0
2021/10/13 17:30:01 2021-10-13 17:30:01.766010384 +0000 UTC m=+6243.791665283;ip-172-20-83-240.ec2.internal;1122.20;9;1
2021/10/13 17:30:01 2021-10-13 17:30:01.770385856 +0000 UTC m=+6243.796040801;ip-172-20-56-203.ec2.internal;1209.40;9;0
2021/10/13 17:31:01 Evicting nginx-deployment-7bcbdc8dfd-ngfwf from ip-172-20-62-227.ec2.internal
2021/10/13 17:31:01 2021-10-13 17:31:01.829384248 +0000 UTC m=+6303.855039135;ip-172-20-83-240.ec2.internal;3176.40;10;0
2021/10/13 17:31:01 2021-10-13 17:31:01.835841614 +0000 UTC m=+6303.861498442;ip-172-20-56-203.ec2.internal;2005.90;6;0
2021/10/13 17:31:01 2021-10-13 17:31:01.842524468 +0000 UTC m=+6303.868179319;ip-172-20-62-227.ec2.internal;1372.70;4;1
2021/10/13 17:32:01 2021-10-13 17:32:01.87888476 +0000 UTC m=+6363.904539756;ip-172-20-62-227.ec2.internal;849.30;1;0
2021/10/13 17:32:01 2021-10-13 17:32:01.881881594 +0000 UTC m=+6363.907536533;ip-172-20-83-240.ec2.internal;5250.30;10;1
2021/10/13 17:32:01 2021-10-13 17:32:01.886339059 +0000 UTC m=+6363.911994058;ip-172-20-56-203.ec2.internal;2880.30;5;0
2021/10/13 17:33:01 2021-10-13 17:33:01.917412994 +0000 UTC m=+6423.943067877;ip-172-20-62-227.ec2.internal;627.90;1;0
2021/10/13 17:33:01 2021-10-13 17:33:01.92064978 +0000 UTC m=+6423.946304784;ip-172-20-83-240.ec2.internal;5881.00;10;1
2021/10/13 17:33:01 2021-10-13 17:33:01.924311648 +0000 UTC m=+6423.949966458;ip-172-20-56-203.ec2.internal;3124.00;5;0
2021/10/13 17:34:01 2021-10-13 17:34:01.952407552 +0000 UTC m=+6483.978062456;ip-172-20-56-203.ec2.internal;2383.40;4;0
2021/10/13 17:34:01 2021-10-13 17:34:01.955261041 +0000 UTC m=+6483.980915932;ip-172-20-62-227.ec2.internal;350.10;0;0
2021/10/13 17:34:01 2021-10-13 17:34:01.958662699 +0000 UTC m=+6483.984317511;ip-172-20-83-240.ec2.internal;5003.60;10;1
2021/10/13 17:35:01 2021-10-13 17:35:01.988315052 +0000 UTC m=+6544.013969979;ip-172-20-56-203.ec2.internal;1630.40;3;0
2021/10/13 17:35:02 2021-10-13 17:35:01.996746279 +0000 UTC m=+6544.022401145;ip-172-20-62-227.ec2.internal;163.60;0;0
2021/10/13 17:35:02 2021-10-13 17:35:02.003131148 +0000 UTC m=+6544.028786052;ip-172-20-83-240.ec2.internal;4293.40;10;1
2021/10/13 17:36:02 2021-10-13 17:36:02.03083842 +0000 UTC m=+6604.056493304;ip-172-20-56-203.ec2.internal;1196.40;3;0
2021/10/13 17:36:02 2021-10-13 17:36:02.034665144 +0000 UTC m=+6604.060319934;ip-172-20-62-227.ec2.internal;92.50;0;0
2021/10/13 17:36:02 2021-10-13 17:36:02.038185186 +0000 UTC m=+6604.063840095;ip-172-20-83-240.ec2.internal;3240.30;10;1
2021/10/13 17:37:02 2021-10-13 17:37:02.072793826 +0000 UTC m=+6664.098448772;ip-172-20-56-203.ec2.internal;756.30;3;0
2021/10/13 17:37:02 2021-10-13 17:37:02.075925198 +0000 UTC m=+6664.101580050;ip-172-20-62-227.ec2.internal;42.90;0;0
2021/10/13 17:37:02 2021-10-13 17:37:02.079287668 +0000 UTC m=+6664.104942601;ip-172-20-83-240.ec2.internal;2015.80;10;1
2021/10/13 17:38:02 2021-10-13 17:38:02.107958703 +0000 UTC m=+6724.133613640;ip-172-20-56-203.ec2.internal;293.30;3;0
2021/10/13 17:38:02 2021-10-13 17:38:02.111065331 +0000 UTC m=+6724.136720322;ip-172-20-62-227.ec2.internal;31.70;0;0
2021/10/13 17:38:02 2021-10-13 17:38:02.114340571 +0000 UTC m=+6724.139995365;ip-172-20-83-240.ec2.internal;740.20;10;1
2021/10/13 17:39:02 2021-10-13 17:39:02.136775132 +0000 UTC m=+6784.162430045;ip-172-20-56-203.ec2.internal;393.80;4;0
2021/10/13 17:39:02 2021-10-13 17:39:02.139678219 +0000 UTC m=+6784.165332983;ip-172-20-62-227.ec2.internal;14.30;0;0
2021/10/13 17:39:02 2021-10-13 17:39:02.142871138 +0000 UTC m=+6784.168526034;ip-172-20-83-240.ec2.internal;964.80;10;1
2021/10/13 17:40:02 2021-10-13 17:40:02.159504914 +0000 UTC m=+6844.185159804;ip-172-20-83-240.ec2.internal;1150.40;10;1
2021/10/13 17:40:02 2021-10-13 17:40:02.163046403 +0000 UTC m=+6844.188701211;ip-172-20-56-203.ec2.internal;485.00;4;0
2021/10/13 17:40:02 2021-10-13 17:40:02.166333693 +0000 UTC m=+6844.191988606;ip-172-20-62-227.ec2.internal;0.00;0;0
2021/10/13 17:41:02 2021-10-13 17:41:02.195850197 +0000 UTC m=+6904.221505113;ip-172-20-56-203.ec2.internal;620.30;4;0
2021/10/13 17:41:02 2021-10-13 17:41:02.19925386 +0000 UTC m=+6904.224908807;ip-172-20-62-227.ec2.internal;0.00;0;0
2021/10/13 17:41:02 2021-10-13 17:41:02.20208967 +0000 UTC m=+6904.227744497;ip-172-20-83-240.ec2.internal;1523.20;10;1
2021/10/13 17:42:02 2021-10-13 17:42:02.231798239 +0000 UTC m=+6964.257453123;ip-172-20-83-240.ec2.internal;1822.10;10;1
2021/10/13 17:42:02 2021-10-13 17:42:02.235683559 +0000 UTC m=+6964.261338377;ip-172-20-56-203.ec2.internal;768.10;4;0
2021/10/13 17:42:02 2021-10-13 17:42:02.238925281 +0000 UTC m=+6964.264580115;ip-172-20-62-227.ec2.internal;0.00;0;0
2021/10/13 17:43:02 2021-10-13 17:43:02.268345778 +0000 UTC m=+7024.294000747;ip-172-20-83-240.ec2.internal;1439.80;10;1
2021/10/13 17:43:02 2021-10-13 17:43:02.271989974 +0000 UTC m=+7024.297644939;ip-172-20-56-203.ec2.internal;599.60;4;0
2021/10/13 17:43:02 2021-10-13 17:43:02.275193114 +0000 UTC m=+7024.300847990;ip-172-20-62-227.ec2.internal;0.00;0;0
2021/10/13 17:44:02 2021-10-13 17:44:02.301899504 +0000 UTC m=+7084.327554390;ip-172-20-56-203.ec2.internal;715.20;4;0
2021/10/13 17:44:02 2021-10-13 17:44:02.305836026 +0000 UTC m=+7084.331490847;ip-172-20-62-227.ec2.internal;0.00;0;0
2021/10/13 17:44:02 2021-10-13 17:44:02.308799849 +0000 UTC m=+7084.334454663;ip-172-20-83-240.ec2.internal;1712.90;10;1
2021/10/13 17:45:02 2021-10-13 17:45:02.337309399 +0000 UTC m=+7144.362964416;ip-172-20-83-240.ec2.internal;1787.00;10;1
2021/10/13 17:45:02 2021-10-13 17:45:02.342337583 +0000 UTC m=+7144.367992386;ip-172-20-56-203.ec2.internal;833.60;4;0
2021/10/13 17:45:02 2021-10-13 17:45:02.346133315 +0000 UTC m=+7144.371788122;ip-172-20-62-227.ec2.internal;0.00;0;0
2021/10/13 17:46:02 2021-10-13 17:46:02.370695046 +0000 UTC m=+7204.396350069;ip-172-20-83-240.ec2.internal;1615.30;10;1
2021/10/13 17:46:02 2021-10-13 17:46:02.374182003 +0000 UTC m=+7204.399836807;ip-172-20-56-203.ec2.internal;642.60;3;0
2021/10/13 17:46:02 2021-10-13 17:46:02.377390737 +0000 UTC m=+7204.403045572;ip-172-20-62-227.ec2.internal;0.00;0;0
2021/10/13 17:47:02 2021-10-13 17:47:02.40244936 +0000 UTC m=+7264.428104281;ip-172-20-56-203.ec2.internal;375.70;4;0
2021/10/13 17:47:02 2021-10-13 17:47:02.405431598 +0000 UTC m=+7264.431086412;ip-172-20-62-227.ec2.internal;0.00;0;0
2021/10/13 17:47:02 2021-10-13 17:47:02.408427933 +0000 UTC m=+7264.434082770;ip-172-20-83-240.ec2.internal;916.30;10;1
2021/10/13 17:48:02 2021-10-13 17:48:02.433816158 +0000 UTC m=+7324.459471104;ip-172-20-62-227.ec2.internal;0.00;0;0
2021/10/13 17:48:02 2021-10-13 17:48:02.43714747 +0000 UTC m=+7324.462802346;ip-172-20-83-240.ec2.internal;1050.30;10;1
2021/10/13 17:48:02 2021-10-13 17:48:02.440591721 +0000 UTC m=+7324.466246556;ip-172-20-56-203.ec2.internal;399.40;3;0
2021/10/13 17:49:02 2021-10-13 17:49:02.46688685 +0000 UTC m=+7384.492541795;ip-172-20-56-203.ec2.internal;467.70;3;0
2021/10/13 17:49:02 2021-10-13 17:49:02.470141959 +0000 UTC m=+7384.495796809;ip-172-20-62-227.ec2.internal;0.00;0;0
2021/10/13 17:49:02 2021-10-13 17:49:02.473039269 +0000 UTC m=+7384.498694123;ip-172-20-83-240.ec2.internal;1198.10;10;1
2021/10/13 17:50:02 2021-10-13 17:50:02.496527937 +0000 UTC m=+7444.522182872;ip-172-20-56-203.ec2.internal;566.60;4;0
2021/10/13 17:50:02 2021-10-13 17:50:02.500039826 +0000 UTC m=+7444.525694651;ip-172-20-62-227.ec2.internal;0.00;0;0
2021/10/13 17:50:02 2021-10-13 17:50:02.50330931 +0000 UTC m=+7444.528964085;ip-172-20-83-240.ec2.internal;1284.10;10;1
2021/10/13 17:51:02 2021-10-13 17:51:02.528922114 +0000 UTC m=+7504.554577004;ip-172-20-56-203.ec2.internal;579.60;4;0
2021/10/13 17:51:02 2021-10-13 17:51:02.532200734 +0000 UTC m=+7504.557855328;ip-172-20-62-227.ec2.internal;0.00;0;0
2021/10/13 17:51:02 2021-10-13 17:51:02.535379216 +0000 UTC m=+7504.561034063;ip-172-20-83-240.ec2.internal;1319.10;10;1
2021/10/13 17:52:02 2021-10-13 17:52:02.557797329 +0000 UTC m=+7564.583452237;ip-172-20-56-203.ec2.internal;355.20;3;0
2021/10/13 17:52:02 2021-10-13 17:52:02.561552254 +0000 UTC m=+7564.587207240;ip-172-20-62-227.ec2.internal;0.00;0;0
2021/10/13 17:52:02 2021-10-13 17:52:02.564672449 +0000 UTC m=+7564.590327297;ip-172-20-83-240.ec2.internal;931.60;10;1
2021/10/13 17:53:02 2021-10-13 17:53:02.591220376 +0000 UTC m=+7624.616875247;ip-172-20-56-203.ec2.internal;494.90;3;0
2021/10/13 17:53:02 2021-10-13 17:53:02.59443941 +0000 UTC m=+7624.620094315;ip-172-20-62-227.ec2.internal;0.00;0;0
2021/10/13 17:53:02 2021-10-13 17:53:02.598205301 +0000 UTC m=+7624.623860100;ip-172-20-83-240.ec2.internal;1305.70;10;1
2021/10/13 17:54:02 2021-10-13 17:54:02.618946544 +0000 UTC m=+7684.644601440;ip-172-20-62-227.ec2.internal;0.00;0;0
2021/10/13 17:54:02 2021-10-13 17:54:02.621770027 +0000 UTC m=+7684.647424938;ip-172-20-83-240.ec2.internal;2333.80;10;1
2021/10/13 17:54:02 2021-10-13 17:54:02.625297709 +0000 UTC m=+7684.650952520;ip-172-20-56-203.ec2.internal;984.70;4;0
2021/10/13 17:55:02 2021-10-13 17:55:02.654454864 +0000 UTC m=+7744.680109739;ip-172-20-56-203.ec2.internal;1074.60;4;0
2021/10/13 17:55:02 2021-10-13 17:55:02.658446053 +0000 UTC m=+7744.684100889;ip-172-20-62-227.ec2.internal;0.00;0;0
2021/10/13 17:55:02 2021-10-13 17:55:02.661864697 +0000 UTC m=+7744.687519533;ip-172-20-83-240.ec2.internal;2541.90;10;1
2021/10/13 17:56:02 2021-10-13 17:56:02.68235644 +0000 UTC m=+7804.708014634;ip-172-20-62-227.ec2.internal;0.00;0;0
2021/10/13 17:56:02 2021-10-13 17:56:02.685470649 +0000 UTC m=+7804.711125771;ip-172-20-83-240.ec2.internal;1210.10;10;1
2021/10/13 17:56:02 2021-10-13 17:56:02.689186893 +0000 UTC m=+7804.714841715;ip-172-20-56-203.ec2.internal;478.90;3;0
2021/10/13 17:57:02 2021-10-13 17:57:02.706418423 +0000 UTC m=+7864.732073326;ip-172-20-56-203.ec2.internal;963.30;3;0
2021/10/13 17:57:02 2021-10-13 17:57:02.709608535 +0000 UTC m=+7864.735262972;ip-172-20-62-227.ec2.internal;0.00;0;0
2021/10/13 17:57:02 2021-10-13 17:57:02.713127267 +0000 UTC m=+7864.738782084;ip-172-20-83-240.ec2.internal;2597.10;10;1
2021/10/13 17:58:02 2021-10-13 17:58:02.733089383 +0000 UTC m=+7924.758744286;ip-172-20-83-240.ec2.internal;959.80;10;1
2021/10/13 17:58:02 2021-10-13 17:58:02.737551266 +0000 UTC m=+7924.763206177;ip-172-20-56-203.ec2.internal;382.70;3;0
2021/10/13 17:58:02 2021-10-13 17:58:02.740571482 +0000 UTC m=+7924.766226362;ip-172-20-62-227.ec2.internal;0.00;0;0
2021/10/13 17:59:02 2021-10-13 17:59:02.754369461 +0000 UTC m=+7984.780024831;ip-172-20-83-240.ec2.internal;0.00;0;1
2021/10/13 17:59:02 2021-10-13 17:59:02.75793452 +0000 UTC m=+7984.783589430;ip-172-20-56-203.ec2.internal;0.00;0;0
2021/10/13 17:59:02 2021-10-13 17:59:02.761190992 +0000 UTC m=+7984.786845889;ip-172-20-62-227.ec2.internal;0.00;0;0
2021/10/13 18:00:02 2021-10-13 18:00:02.770775904 +0000 UTC m=+8044.796431074;ip-172-20-56-203.ec2.internal;0.00;0;0
2021/10/13 18:00:02 2021-10-13 18:00:02.774140676 +0000 UTC m=+8044.799795536;ip-172-20-62-227.ec2.internal;0.00;0;0
2021/10/13 18:00:02 2021-10-13 18:00:02.778630567 +0000 UTC m=+8044.804285335;ip-172-20-83-240.ec2.internal;0.00;0;1
2021/10/13 18:01:02 2021-10-13 18:01:02.79513944 +0000 UTC m=+8104.820794478;ip-172-20-62-227.ec2.internal;0.00;0;0
2021/10/13 18:01:02 2021-10-13 18:01:02.798465124 +0000 UTC m=+8104.824120053;ip-172-20-83-240.ec2.internal;0.00;0;1
2021/10/13 18:01:02 2021-10-13 18:01:02.80196138 +0000 UTC m=+8104.827616325;ip-172-20-56-203.ec2.internal;0.00;0;0
2021/10/13 18:02:02 2021-10-13 18:02:02.821945174 +0000 UTC m=+8164.847600382;ip-172-20-56-203.ec2.internal;0.00;0;0
2021/10/13 18:02:02 2021-10-13 18:02:02.825630207 +0000 UTC m=+8164.851285062;ip-172-20-62-227.ec2.internal;0.00;0;0
2021/10/13 18:02:02 2021-10-13 18:02:02.82870275 +0000 UTC m=+8164.854357554;ip-172-20-83-240.ec2.internal;0.00;0;1
2021/10/13 18:03:02 2021-10-13 18:03:02.848352145 +0000 UTC m=+8224.874007219;ip-172-20-56-203.ec2.internal;0.00;0;0
2021/10/13 18:03:02 2021-10-13 18:03:02.851590594 +0000 UTC m=+8224.877245485;ip-172-20-62-227.ec2.internal;0.00;0;0
2021/10/13 18:03:02 2021-10-13 18:03:02.855172022 +0000 UTC m=+8224.880826909;ip-172-20-83-240.ec2.internal;0.00;0;1
2021/10/13 18:04:02 2021-10-13 18:04:02.87839357 +0000 UTC m=+8284.904048764;ip-172-20-83-240.ec2.internal;0.00;0;1
2021/10/13 18:04:02 2021-10-13 18:04:02.882409238 +0000 UTC m=+8284.908064064;ip-172-20-56-203.ec2.internal;0.00;0;0
2021/10/13 18:04:02 2021-10-13 18:04:02.886132529 +0000 UTC m=+8284.911787333;ip-172-20-62-227.ec2.internal;0.00;0;0
2021/10/13 18:05:02 2021-10-13 18:05:02.9110257 +0000 UTC m=+8344.936680964;ip-172-20-56-203.ec2.internal;0.00;0;0
2021/10/13 18:05:02 2021-10-13 18:05:02.914491685 +0000 UTC m=+8344.940146541;ip-172-20-62-227.ec2.internal;0.00;0;0
2021/10/13 18:05:02 2021-10-13 18:05:02.91905249 +0000 UTC m=+8344.944707269;ip-172-20-83-240.ec2.internal;0.00;0;1
2021/10/13 18:06:02 2021-10-13 18:06:02.939391567 +0000 UTC m=+8404.965046878;ip-172-20-83-240.ec2.internal;0.00;0;1
2021/10/13 18:06:02 2021-10-13 18:06:02.943145681 +0000 UTC m=+8404.968800522;ip-172-20-56-203.ec2.internal;0.00;0;0
2021/10/13 18:06:02 2021-10-13 18:06:02.95168572 +0000 UTC m=+8404.977340671;ip-172-20-62-227.ec2.internal;0.00;0;0
2021/10/13 18:07:02 2021-10-13 18:07:02.971024732 +0000 UTC m=+8464.996679916;ip-172-20-83-240.ec2.internal;0.00;0;1
2021/10/13 18:07:02 2021-10-13 18:07:02.974619086 +0000 UTC m=+8465.000273855;ip-172-20-56-203.ec2.internal;0.00;0;0
2021/10/13 18:07:02 2021-10-13 18:07:02.977489198 +0000 UTC m=+8465.003144036;ip-172-20-62-227.ec2.internal;0.00;0;0
2021/10/13 18:08:03 2021-10-13 18:08:02.99644509 +0000 UTC m=+8525.022100104;ip-172-20-83-240.ec2.internal;0.00;0;1
2021/10/13 18:08:03 2021-10-13 18:08:03.000131105 +0000 UTC m=+8525.025786018;ip-172-20-56-203.ec2.internal;0.00;0;0
2021/10/13 18:08:03 2021-10-13 18:08:03.00376056 +0000 UTC m=+8525.029415436;ip-172-20-62-227.ec2.internal;0.00;0;0
2021/10/13 18:09:03 2021-10-13 18:09:03.024713067 +0000 UTC m=+8585.050368402;ip-172-20-56-203.ec2.internal;0.00;0;0
2021/10/13 18:09:03 2021-10-13 18:09:03.027829368 +0000 UTC m=+8585.053484220;ip-172-20-62-227.ec2.internal;0.00;0;0
2021/10/13 18:09:03 2021-10-13 18:09:03.031185086 +0000 UTC m=+8585.056839736;ip-172-20-83-240.ec2.internal;0.00;0;1
2021/10/13 18:10:03 2021-10-13 18:10:03.052620589 +0000 UTC m=+8645.078275878;ip-172-20-83-240.ec2.internal;0.00;0;1
2021/10/13 18:10:03 2021-10-13 18:10:03.056296868 +0000 UTC m=+8645.081951782;ip-172-20-56-203.ec2.internal;0.00;0;0
2021/10/13 18:10:03 2021-10-13 18:10:03.05954822 +0000 UTC m=+8645.085203127;ip-172-20-62-227.ec2.internal;0.00;0;0
2021/10/13 18:11:03 2021-10-13 18:11:03.079728203 +0000 UTC m=+8705.105383508;ip-172-20-56-203.ec2.internal;0.00;0;0
2021/10/13 18:11:03 2021-10-13 18:11:03.083487911 +0000 UTC m=+8705.109142729;ip-172-20-62-227.ec2.internal;0.00;0;0
2021/10/13 18:11:03 2021-10-13 18:11:03.087241566 +0000 UTC m=+8705.112896426;ip-172-20-83-240.ec2.internal;0.00;0;1
